#
# A fatal error has been detected by the Java Runtime Environment:
#
#  EXCEPTION_ACCESS_VIOLATION (0xc0000005) at pc=0x000000007110b5db, pid=11488, tid=0x0000000000003790
#
# JRE version: Java(TM) SE Runtime Environment (8.0_271-b09) (build 1.8.0_271-b09)
# Java VM: Java HotSpot(TM) 64-Bit Server VM (25.271-b09 mixed mode windows-amd64 compressed oops)
# Problematic frame:
# C  [jSSC-2.8_x86_64.dll+0xb5db]
#
# Failed to write core dump. Minidumps are not enabled by default on client versions of Windows
#
# If you would like to submit a bug report, please visit:
#   http://bugreport.java.com/bugreport/crash.jsp
# The crash happened outside the Java Virtual Machine in native code.
# See problematic frame for where to report the bug.
#

---------------  T H R E A D  ---------------

Current thread (0x0000018dc5fe6000):  JavaThread "AWT-EventQueue-0" [_thread_in_native, id=14224, stack(0x0000007137500000,0x0000007137600000)]

siginfo: ExceptionCode=0xc0000005, reading address 0xffffffffcb71cd9d

Registers:
RAX=0xffffffffcb71cd9d, RBX=0x00000071375fc9f0, RCX=0x00007ff9804dc8d4, RDX=0x0000000000000000
RSP=0x00000071375fc980, RBP=0x00000071375fcb00, RSI=0x0000018dc5fe61f8, RDI=0x0000000000000d70
R8 =0x00000071375fc878, R9 =0x00000071375fc970, R10=0x0000000000000000, R11=0x0000000000000246
R12=0x00000071375fcbb8, R13=0x0000018dcbe3f640, R14=0x00000071375fcab0, R15=0x0000018dc5fe6000
RIP=0x000000007110b5db, EFLAGS=0x0000000000010206

Top of Stack: (sp=0x00000071375fc980)
0x00000071375fc980:   0000018dcbe3ebf0 00000010804806e1
0x00000071375fc990:   000000007110b230 0000018dcbe3f4f0
0x00000071375fc9a0:   00000071375fcb00 0000000000000004
0x00000071375fc9b0:   0000018dc5fe61f8 0000000000000d70
0x00000071375fc9c0:   00000071375fcb00 0000000071112590
0x00000071375fc9d0:   0000018dc5fe6000 00000071375fcab0
0x00000071375fc9e0:   0000018dcbe3f640 00000071375fcbb8
0x00000071375fc9f0:   0000018dcbe3f640 00007ff9804806e1
0x00000071375fca00:   00000071375fca30 0000018dac380000
0x00000071375fca10:   00000071375fcb00 0000000000000000
0x00000071375fca20:   0000000071113500 0000000071113be8
0x00000071375fca30:   00000071375fca60 0000000071112641
0x00000071375fca40:   00000071375fc9d0 0000018dc5fe61f8
0x00000071375fca50:   0000000000000000 0000000000000000
0x00000071375fca60:   00000071375fcb00 0000000071101595
0x00000071375fca70:   000000000000001c 0000018d00000000 

Instructions: (pc=0x000000007110b5db)
0x000000007110b5bb:   c5 0f 1f 40 00 55 57 56 53 48 83 ec 28 48 8b 05
0x000000007110b5cb:   39 33 01 00 48 89 cb 48 85 c0 0f 84 c5 00 00 00
0x000000007110b5db:   8b 38 85 ff 0f 88 ab 00 00 00 48 8b 05 1c 33 01
0x000000007110b5eb:   00 48 85 c0 0f 84 bc 00 00 00 8b 30 85 f6 74 57 


Register to memory mapping:

RAX=0xffffffffcb71cd9d is an unknown value
RBX=0x00000071375fc9f0 is pointing into the stack for thread: 0x0000018dc5fe6000
RCX=0x00007ff9804dc8d4 is an unknown value
RDX=0x0000000000000000 is an unknown value
RSP=0x00000071375fc980 is pointing into the stack for thread: 0x0000018dc5fe6000
RBP=0x00000071375fcb00 is pointing into the stack for thread: 0x0000018dc5fe6000
RSI=0x0000018dc5fe61f8 is an unknown value
RDI=0x0000000000000d70 is an unknown value
R8 =0x00000071375fc878 is pointing into the stack for thread: 0x0000018dc5fe6000
R9 =0x00000071375fc970 is pointing into the stack for thread: 0x0000018dc5fe6000
R10=0x0000000000000000 is an unknown value
R11=0x0000000000000246 is an unknown value
R12=0x00000071375fcbb8 is pointing into the stack for thread: 0x0000018dc5fe6000
R13=0x0000018dcbe3f640 is an unknown value
R14=0x00000071375fcab0 is pointing into the stack for thread: 0x0000018dc5fe6000
R15=0x0000018dc5fe6000 is a thread


Stack: [0x0000007137500000,0x0000007137600000],  sp=0x00000071375fc980,  free space=1010k
Native frames: (J=compiled Java code, j=interpreted, Vv=VM code, C=native code)
C  [jSSC-2.8_x86_64.dll+0xb5db]
C  [jSSC-2.8_x86_64.dll+0x12590]
C  [jSSC-2.8_x86_64.dll+0x1595]
C  0x0000018dadd8990e

Java frames: (J=compiled Java code, j=interpreted, Vv=VM code)
j  jssc.SerialNativeInterface.openPort(Ljava/lang/String;Z)J+0
j  jssc.SerialPort.openPort()Z+65
j  com.panamahitek.PanamaHitek_Arduino.arduinoTX(Ljava/lang/String;I)V+58
j  codigo.Ventana.btnConectarArduinoMouseClicked(Ljava/awt/event/MouseEvent;)V+10
j  codigo.Ventana.access$1300(Lcodigo/Ventana;Ljava/awt/event/MouseEvent;)V+2
j  codigo.Ventana$12.mouseClicked(Ljava/awt/event/MouseEvent;)V+5
j  java.awt.AWTEventMulticaster.mouseClicked(Ljava/awt/event/MouseEvent;)V+21
j  java.awt.Component.processMouseEvent(Ljava/awt/event/MouseEvent;)V+74
j  javax.swing.JComponent.processMouseEvent(Ljava/awt/event/MouseEvent;)V+23
j  java.awt.Component.processEvent(Ljava/awt/AWTEvent;)V+81
j  java.awt.Container.processEvent(Ljava/awt/AWTEvent;)V+18
j  java.awt.Component.dispatchEventImpl(Ljava/awt/AWTEvent;)V+589
J 1110 C1 java.awt.Container.dispatchEventImpl(Ljava/awt/AWTEvent;)V (129 bytes) @ 0x0000018dae14028c [0x0000018dae140140+0x14c]
J 1109 C1 java.awt.Component.dispatchEvent(Ljava/awt/AWTEvent;)V (6 bytes) @ 0x0000018dae13fdc4 [0x0000018dae13fcc0+0x104]
j  java.awt.LightweightDispatcher.retargetMouseEvent(Ljava/awt/Component;ILjava/awt/event/MouseEvent;)V+349
j  java.awt.LightweightDispatcher.processMouseEvent(Ljava/awt/event/MouseEvent;)Z+171
j  java.awt.LightweightDispatcher.dispatchEvent(Ljava/awt/AWTEvent;)Z+50
J 1110 C1 java.awt.Container.dispatchEventImpl(Ljava/awt/AWTEvent;)V (129 bytes) @ 0x0000018dae14022c [0x0000018dae140140+0xec]
j  java.awt.Window.dispatchEventImpl(Ljava/awt/AWTEvent;)V+19
J 1109 C1 java.awt.Component.dispatchEvent(Ljava/awt/AWTEvent;)V (6 bytes) @ 0x0000018dae13fdc4 [0x0000018dae13fcc0+0x104]
j  java.awt.EventQueue.dispatchEventImpl(Ljava/awt/AWTEvent;Ljava/lang/Object;)V+41
j  java.awt.EventQueue.access$500(Ljava/awt/EventQueue;Ljava/awt/AWTEvent;Ljava/lang/Object;)V+3
j  java.awt.EventQueue$3.run()Ljava/lang/Void;+32
j  java.awt.EventQueue$3.run()Ljava/lang/Object;+1
v  ~StubRoutines::call_stub
J 880  java.security.AccessController.doPrivileged(Ljava/security/PrivilegedAction;Ljava/security/AccessControlContext;)Ljava/lang/Object; (0 bytes) @ 0x0000018dae085926 [0x0000018dae0858c0+0x66]
J 1086 C1 java.security.ProtectionDomain$JavaSecurityAccessImpl.doIntersectionPrivilege(Ljava/security/PrivilegedAction;Ljava/security/AccessControlContext;Ljava/security/AccessControlContext;)Ljava/lang/Object; (22 bytes) @ 0x0000018dae13463c [0x0000018dae1341c0+0x47c]
j  java.security.ProtectionDomain$JavaSecurityAccessImpl.doIntersectionPrivilege(Ljava/security/PrivilegedAction;Ljava/security/AccessControlContext;)Ljava/lang/Object;+6
j  java.awt.EventQueue$4.run()Ljava/lang/Void;+11
j  java.awt.EventQueue$4.run()Ljava/lang/Object;+1
v  ~StubRoutines::call_stub
J 880  java.security.AccessController.doPrivileged(Ljava/security/PrivilegedAction;Ljava/security/AccessControlContext;)Ljava/lang/Object; (0 bytes) @ 0x0000018dae085926 [0x0000018dae0858c0+0x66]
J 1115 C1 java.awt.EventQueue.dispatchEvent(Ljava/awt/AWTEvent;)V (80 bytes) @ 0x0000018dae14603c [0x0000018dae145180+0xebc]
J 1120 C1 java.awt.EventDispatchThread.pumpOneEventForFilters(I)V (190 bytes) @ 0x0000018dae14bfdc [0x0000018dae14ae80+0x115c]
j  java.awt.EventDispatchThread.pumpEventsForFilter(ILjava/awt/Conditional;Ljava/awt/EventFilter;)V+35
j  java.awt.EventDispatchThread.pumpEventsForHierarchy(ILjava/awt/Conditional;Ljava/awt/Component;)V+11
j  java.awt.EventDispatchThread.pumpEvents(ILjava/awt/Conditional;)V+4
j  java.awt.EventDispatchThread.pumpEvents(Ljava/awt/Conditional;)V+3
j  java.awt.EventDispatchThread.run()V+9
v  ~StubRoutines::call_stub

---------------  P R O C E S S  ---------------

Java Threads: ( => current thread )
  0x0000018dcc34e800 JavaThread "D3D Screen Updater" daemon [_thread_blocked, id=8000, stack(0x0000007138200000,0x0000007138300000)]
  0x0000018dcbe18800 JavaThread "Image Fetcher 0" daemon [_thread_blocked, id=10728, stack(0x0000007138000000,0x0000007138100000)]
  0x0000018dac3b3000 JavaThread "DestroyJavaVM" [_thread_blocked, id=13096, stack(0x0000007136300000,0x0000007136400000)]
=>0x0000018dc5fe6000 JavaThread "AWT-EventQueue-0" [_thread_in_native, id=14224, stack(0x0000007137500000,0x0000007137600000)]
  0x0000018dc5c77000 JavaThread "AWT-Windows" daemon [_thread_in_native, id=9508, stack(0x0000007137400000,0x0000007137500000)]
  0x0000018dc5c73000 JavaThread "AWT-Shutdown" [_thread_blocked, id=5756, stack(0x0000007137300000,0x0000007137400000)]
  0x0000018dc5c72800 JavaThread "Java2D Disposer" daemon [_thread_blocked, id=12572, stack(0x0000007137200000,0x0000007137300000)]
  0x0000018dc4d3a800 JavaThread "Service Thread" daemon [_thread_blocked, id=12328, stack(0x0000007137000000,0x0000007137100000)]
  0x0000018dc4cd0000 JavaThread "C1 CompilerThread2" daemon [_thread_blocked, id=924, stack(0x0000007136f00000,0x0000007137000000)]
  0x0000018dc4cc2000 JavaThread "C2 CompilerThread1" daemon [_thread_blocked, id=7536, stack(0x0000007136e00000,0x0000007136f00000)]
  0x0000018dc4cb8000 JavaThread "C2 CompilerThread0" daemon [_thread_blocked, id=8436, stack(0x0000007136d00000,0x0000007136e00000)]
  0x0000018dc4cb5000 JavaThread "Attach Listener" daemon [_thread_blocked, id=11376, stack(0x0000007136c00000,0x0000007136d00000)]
  0x0000018dc4cb4000 JavaThread "Signal Dispatcher" daemon [_thread_blocked, id=13544, stack(0x0000007136b00000,0x0000007136c00000)]
  0x0000018dc4566000 JavaThread "Finalizer" daemon [_thread_blocked, id=1520, stack(0x0000007136a00000,0x0000007136b00000)]
  0x0000018dc4c96000 JavaThread "Reference Handler" daemon [_thread_blocked, id=11540, stack(0x0000007136900000,0x0000007136a00000)]

Other Threads:
  0x0000018dc4c73000 VMThread [stack: 0x0000007136800000,0x0000007136900000] [id=14312]
  0x0000018dc4d64800 WatcherThread [stack: 0x0000007137100000,0x0000007137200000] [id=11168]

VM state:not at safepoint (normal execution)

VM Mutex/Monitor currently owned by a thread: None

heap address: 0x0000000708c00000, size: 2932 MB, Compressed Oops mode: Zero based, Oop shift amount: 3
Narrow klass base: 0x0000000000000000, Narrow klass shift: 3
Compressed class space size: 1073741824 Address: 0x00000007c0000000

Heap:
 PSYoungGen      total 54784K, used 28489K [0x0000000782f00000, 0x0000000786c00000, 0x00000007c0000000)
  eden space 47104K, 60% used [0x0000000782f00000,0x0000000784ad27c0,0x0000000785d00000)
  from space 7680K, 0% used [0x0000000786480000,0x0000000786480000,0x0000000786c00000)
  to   space 7680K, 0% used [0x0000000785d00000,0x0000000785d00000,0x0000000786480000)
 ParOldGen       total 125952K, used 0K [0x0000000708c00000, 0x0000000710700000, 0x0000000782f00000)
  object space 125952K, 0% used [0x0000000708c00000,0x0000000708c00000,0x0000000710700000)
 Metaspace       used 14471K, capacity 14698K, committed 14848K, reserved 1062912K
  class space    used 1884K, capacity 1970K, committed 2048K, reserved 1048576K

Card table byte_map: [0x0000018dbd130000,0x0000018dbd6f0000] byte_map_base: 0x0000018db98ea000

Marking Bits: (ParMarkBitMap*) 0x000000006dd17fe0
 Begin Bits: [0x0000018dbdad0000, 0x0000018dc08a0000)
 End Bits:   [0x0000018dc08a0000, 0x0000018dc3670000)

Polling page: 0x0000018dac570000

CodeCache: size=245760Kb used=4099Kb max_used=4099Kb free=241660Kb
 bounds [0x0000018dadd70000, 0x0000018dae180000, 0x0000018dbcd70000]
 total_blobs=1715 nmethods=1184 adapters=444
 compilation: enabled

Compilation events (10 events):
Event: 4.949 Thread 0x0000018dc4cd0000 1181       3       java.nio.DirectLongBufferU::ix (10 bytes)
Event: 4.949 Thread 0x0000018dc4cd0000 nmethod 1181 0x0000018dae16fe10 code [0x0000018dae16ff60, 0x0000018dae1700d8]
Event: 4.949 Thread 0x0000018dc4cd0000 1182       3       java.util.BitSet::checkInvariants (111 bytes)
Event: 4.950 Thread 0x0000018dc4cd0000 nmethod 1182 0x0000018dae170150 code [0x0000018dae1702a0, 0x0000018dae170438]
Event: 4.950 Thread 0x0000018dc4cd0000 1183  s    3       java.lang.StringBuffer::append (13 bytes)
Event: 4.950 Thread 0x0000018dc4cd0000 nmethod 1183 0x0000018dae1704d0 code [0x0000018dae170640, 0x0000018dae170970]
Event: 4.951 Thread 0x0000018dc4cd0000 1184       3       sun.misc.Launcher$AppClassLoader::loadClass (85 bytes)
Event: 4.953 Thread 0x0000018dc4cd0000 nmethod 1184 0x0000018dae170a50 code [0x0000018dae170c80, 0x0000018dae1719d0]
Event: 4.953 Thread 0x0000018dc4cd0000 1185  s    3       sun.misc.URLClassPath::knownToNotExist (24 bytes)
Event: 4.953 Thread 0x0000018dc4cd0000 nmethod 1185 0x0000018dae171e50 code [0x0000018dae171fc0, 0x0000018dae172390]

GC Heap History (0 events):
No events

Deoptimization events (10 events):
Event: 1.161 Thread 0x0000018dc5fe6000 Uncommon trap: reason=class_check action=maybe_recompile pc=0x0000018dadee7eb4 method=java.lang.String.equals(Ljava/lang/Object;)Z @ 8
Event: 1.161 Thread 0x0000018dc5fe6000 Uncommon trap: reason=class_check action=maybe_recompile pc=0x0000018dadee7eb4 method=java.lang.String.equals(Ljava/lang/Object;)Z @ 8
Event: 1.161 Thread 0x0000018dc5fe6000 Uncommon trap: reason=class_check action=maybe_recompile pc=0x0000018dadee7eb4 method=java.lang.String.equals(Ljava/lang/Object;)Z @ 8
Event: 1.161 Thread 0x0000018dc5fe6000 Uncommon trap: reason=class_check action=maybe_recompile pc=0x0000018dadee7eb4 method=java.lang.String.equals(Ljava/lang/Object;)Z @ 8
Event: 1.210 Thread 0x0000018dc5fe6000 Uncommon trap: reason=unstable_if action=reinterpret pc=0x0000018dadf4aabc method=java.util.HashMap.getNode(ILjava/lang/Object;)Ljava/util/HashMap$Node; @ 84
Event: 1.211 Thread 0x0000018dc5fe6000 Uncommon trap: reason=unstable_if action=reinterpret pc=0x0000018dadf5126c method=java.util.HashMap.putVal(ILjava/lang/Object;Ljava/lang/Object;ZZ)Ljava/lang/Object; @ 109
Event: 1.225 Thread 0x0000018dc5fe6000 Uncommon trap: reason=unstable_if action=reinterpret pc=0x0000018dadf5ca94 method=java.util.HashMap.putVal(ILjava/lang/Object;Ljava/lang/Object;ZZ)Ljava/lang/Object; @ 109
Event: 1.421 Thread 0x0000018dcbe18800 Uncommon trap: reason=unstable_if action=reinterpret pc=0x0000018dadf6c750 method=java.lang.String.<init>([CII)V @ 18
Event: 2.028 Thread 0x0000018dcbe18800 Uncommon trap: reason=unstable_if action=reinterpret pc=0x0000018dae0a8abc method=sun.awt.image.PNGImageDecoder.produceImage()V @ 867
Event: 3.688 Thread 0x0000018dc5fe6000 Uncommon trap: reason=unstable_if action=reinterpret pc=0x0000018dae13a090 method=java.awt.Component.inside(II)Z @ 13

Classes redefined (0 events):
No events

Internal exceptions (10 events):
Event: 0.753 Thread 0x0000018dac3b3000 Exception <a 'java/lang/ClassNotFoundException': ToolBar> (0x00000007833cf0b8) thrown at [C:\jenkins\workspace\8-2-build-windows-amd64-cygwin\jdk8u271\605\hotspot\src\share\vm\classfile\systemDictionary.cpp, line 212]
Event: 0.753 Thread 0x0000018dac3b3000 Exception <a 'java/lang/ClassNotFoundException': ToggleButton> (0x00000007833cf668) thrown at [C:\jenkins\workspace\8-2-build-windows-amd64-cygwin\jdk8u271\605\hotspot\src\share\vm\classfile\systemDictionary.cpp, line 212]
Event: 0.753 Thread 0x0000018dac3b3000 Exception <a 'java/lang/ClassNotFoundException': javax/swing/JToolBarSeparator> (0x00000007833cfac8) thrown at [C:\jenkins\workspace\8-2-build-windows-amd64-cygwin\jdk8u271\605\hotspot\src\share\vm\classfile\systemDictionary.cpp, line 212]
Event: 0.753 Thread 0x0000018dac3b3000 Exception <a 'java/lang/ClassNotFoundException': ToolBarSeparator> (0x00000007833cff60) thrown at [C:\jenkins\workspace\8-2-build-windows-amd64-cygwin\jdk8u271\605\hotspot\src\share\vm\classfile\systemDictionary.cpp, line 212]
Event: 0.754 Thread 0x0000018dac3b3000 Exception <a 'java/lang/ClassNotFoundException': ToolTip> (0x00000007833d06a0) thrown at [C:\jenkins\workspace\8-2-build-windows-amd64-cygwin\jdk8u271\605\hotspot\src\share\vm\classfile\systemDictionary.cpp, line 212]
Event: 0.756 Thread 0x0000018dac3b3000 Exception <a 'java/lang/ClassNotFoundException': Tree> (0x00000007833d12c0) thrown at [C:\jenkins\workspace\8-2-build-windows-amd64-cygwin\jdk8u271\605\hotspot\src\share\vm\classfile\systemDictionary.cpp, line 212]
Event: 0.756 Thread 0x0000018dac3b3000 Exception <a 'java/lang/ClassNotFoundException': Tree> (0x00000007833d1a00) thrown at [C:\jenkins\workspace\8-2-build-windows-amd64-cygwin\jdk8u271\605\hotspot\src\share\vm\classfile\systemDictionary.cpp, line 212]
Event: 0.756 Thread 0x0000018dac3b3000 Exception <a 'java/lang/ClassNotFoundException': javax/swing/JTreeCell> (0x00000007833d1d80) thrown at [C:\jenkins\workspace\8-2-build-windows-amd64-cygwin\jdk8u271\605\hotspot\src\share\vm\classfile\systemDictionary.cpp, line 212]
Event: 0.756 Thread 0x0000018dac3b3000 Exception <a 'java/lang/ClassNotFoundException': TreeCell> (0x00000007833d2208) thrown at [C:\jenkins\workspace\8-2-build-windows-amd64-cygwin\jdk8u271\605\hotspot\src\share\vm\classfile\systemDictionary.cpp, line 212]
Event: 0.758 Thread 0x0000018dac3b3000 Exception <a 'java/lang/ClassNotFoundException': RootPane> (0x00000007833d2c68) thrown at [C:\jenkins\workspace\8-2-build-windows-amd64-cygwin\jdk8u271\605\hotspot\src\share\vm\classfile\systemDictionary.cpp, line 212]

Events (10 events):
Event: 4.946 loading class java/lang/SecurityException
Event: 4.947 loading class java/lang/SecurityException done
Event: 4.947 loading class jssc/SerialPortTimeoutException
Event: 4.947 loading class jssc/SerialPortTimeoutException done
Event: 4.948 loading class jssc/SerialPort$EventThread
Event: 4.948 loading class jssc/SerialPort$EventThread done
Event: 4.949 loading class jssc/SerialPort$LinuxEventThread
Event: 4.949 loading class jssc/SerialPort$LinuxEventThread done
Event: 4.950 loading class jssc/SerialNativeInterface
Event: 4.950 loading class jssc/SerialNativeInterface done


Dynamic libraries:
0x00007ff696e60000 - 0x00007ff696ea7000 	C:\Program Files\Java\jdk1.8.0_271\bin\java.exe
0x00007ff980440000 - 0x00007ff980630000 	C:\WINDOWS\SYSTEM32\ntdll.dll
0x00007ff97edf0000 - 0x00007ff97eea2000 	C:\WINDOWS\System32\KERNEL32.DLL
0x00007ff97de70000 - 0x00007ff97e115000 	C:\WINDOWS\System32\KERNELBASE.dll
0x00007ff97ff70000 - 0x00007ff980013000 	C:\WINDOWS\System32\ADVAPI32.dll
0x00007ff9800a0000 - 0x00007ff98013e000 	C:\WINDOWS\System32\msvcrt.dll
0x00007ff980360000 - 0x00007ff9803f7000 	C:\WINDOWS\System32\sechost.dll
0x00007ff97ea30000 - 0x00007ff97eb50000 	C:\WINDOWS\System32\RPCRT4.dll
0x00007ff97eeb0000 - 0x00007ff97f044000 	C:\WINDOWS\System32\USER32.dll
0x00007ff97e3f0000 - 0x00007ff97e411000 	C:\WINDOWS\System32\win32u.dll
0x00007ff97ec60000 - 0x00007ff97ec86000 	C:\WINDOWS\System32\GDI32.dll
0x00007ff97e120000 - 0x00007ff97e2b6000 	C:\WINDOWS\System32\gdi32full.dll
0x00007ff97dd20000 - 0x00007ff97ddbe000 	C:\WINDOWS\System32\msvcp_win.dll
0x00007ff97dc20000 - 0x00007ff97dd1a000 	C:\WINDOWS\System32\ucrtbase.dll
0x00007ff974d20000 - 0x00007ff974fa4000 	C:\WINDOWS\WinSxS\amd64_microsoft.windows.common-controls_6595b64144ccf1df_6.0.18362.1256_none_9e7e379be45e40e2\COMCTL32.dll
0x00007ff97e640000 - 0x00007ff97e976000 	C:\WINDOWS\System32\combase.dll
0x00007ff97e330000 - 0x00007ff97e3b1000 	C:\WINDOWS\System32\bcryptPrimitives.dll
0x00007ff97fec0000 - 0x00007ff97feee000 	C:\WINDOWS\System32\IMM32.DLL
0x00007ff96e280000 - 0x00007ff96e295000 	C:\Program Files\Java\jdk1.8.0_271\jre\bin\vcruntime140.dll
0x00007ff936500000 - 0x00007ff93659b000 	C:\Program Files\Java\jdk1.8.0_271\jre\bin\msvcp140.dll
0x000000006d520000 - 0x000000006dd8f000 	C:\Program Files\Java\jdk1.8.0_271\jre\bin\server\jvm.dll
0x00007ff97ede0000 - 0x00007ff97ede8000 	C:\WINDOWS\System32\PSAPI.DLL
0x00007ff9771e0000 - 0x00007ff9771e9000 	C:\WINDOWS\SYSTEM32\WSOCK32.dll
0x00007ff97e5d0000 - 0x00007ff97e63f000 	C:\WINDOWS\System32\WS2_32.dll
0x00007ff97acc0000 - 0x00007ff97ace4000 	C:\WINDOWS\SYSTEM32\WINMM.dll
0x00007ff976180000 - 0x00007ff97618a000 	C:\WINDOWS\SYSTEM32\VERSION.dll
0x00007ff97ac90000 - 0x00007ff97acbd000 	C:\WINDOWS\SYSTEM32\WINMMBASE.dll
0x00007ff97e2e0000 - 0x00007ff97e32a000 	C:\WINDOWS\System32\cfgmgr32.dll
0x00007ff97d420000 - 0x00007ff97d431000 	C:\WINDOWS\System32\kernel.appcore.dll
0x00007ff9771d0000 - 0x00007ff9771e0000 	C:\Program Files\Java\jdk1.8.0_271\jre\bin\verify.dll
0x00007ff96e250000 - 0x00007ff96e27b000 	C:\Program Files\Java\jdk1.8.0_271\jre\bin\java.dll
0x00007ff96ba20000 - 0x00007ff96ba38000 	C:\Program Files\Java\jdk1.8.0_271\jre\bin\zip.dll
0x00007ff97f360000 - 0x00007ff97fa47000 	C:\WINDOWS\System32\SHELL32.dll
0x00007ff97e980000 - 0x00007ff97ea29000 	C:\WINDOWS\System32\shcore.dll
0x00007ff97d490000 - 0x00007ff97dc11000 	C:\WINDOWS\System32\windows.storage.dll
0x00007ff97d460000 - 0x00007ff97d483000 	C:\WINDOWS\System32\profapi.dll
0x00007ff97d3d0000 - 0x00007ff97d41a000 	C:\WINDOWS\System32\powrprof.dll
0x00007ff97d3c0000 - 0x00007ff97d3d0000 	C:\WINDOWS\System32\UMPDC.dll
0x00007ff97ec00000 - 0x00007ff97ec52000 	C:\WINDOWS\System32\shlwapi.dll
0x00007ff97e2c0000 - 0x00007ff97e2d7000 	C:\WINDOWS\System32\cryptsp.dll
0x00007ff92f6c0000 - 0x00007ff92f854000 	C:\Program Files\Java\jdk1.8.0_271\jre\bin\awt.dll
0x00007ff97ec90000 - 0x00007ff97ed55000 	C:\WINDOWS\System32\OLEAUT32.dll
0x00007ff97b520000 - 0x00007ff97b5af000 	C:\WINDOWS\SYSTEM32\apphelp.dll
0x00007ff97b6e0000 - 0x00007ff97b779000 	C:\WINDOWS\system32\uxtheme.dll
0x00007ff980140000 - 0x00007ff980275000 	C:\WINDOWS\System32\MSCTF.dll
0x00007ff97f050000 - 0x00007ff97f1a7000 	C:\WINDOWS\System32\ole32.dll
0x00007ff97b7d0000 - 0x00007ff97b7fd000 	C:\WINDOWS\system32\DWMAPI.DLL
0x00007ff952e60000 - 0x00007ff952ea9000 	C:\Program Files\Java\jdk1.8.0_271\jre\bin\fontmanager.dll
0x00007ff945c80000 - 0x00007ff945dd6000 	C:\WINDOWS\system32\opengl32.dll
0x00007ff949530000 - 0x00007ff94955c000 	C:\WINDOWS\SYSTEM32\GLU32.dll
0x00007ff97c000000 - 0x00007ff97c020000 	C:\WINDOWS\SYSTEM32\dxcore.dll
0x00007ff93cb60000 - 0x00007ff93cd27000 	C:\WINDOWS\system32\d3d9.dll
0x00007ff976190000 - 0x00007ff976367000 	C:\WINDOWS\System32\DriverStore\FileRepository\u0353065.inf_amd64_2af28622e162cc90\B353014\aticfx64.dll
0x00007ff93a980000 - 0x00007ff93a9b1000 	C:\WINDOWS\System32\DriverStore\FileRepository\u0353065.inf_amd64_2af28622e162cc90\B353014\atiu9p64.dll
0x00007ff91e110000 - 0x00007ff91ed99000 	C:\WINDOWS\System32\DriverStore\FileRepository\u0353065.inf_amd64_2af28622e162cc90\B353014\atiumd64.dll
0x00007ff96ddc0000 - 0x00007ff96dfb4000 	C:\WINDOWS\SYSTEM32\dbghelp.dll
0x00007ff96dd90000 - 0x00007ff96ddba000 	C:\WINDOWS\SYSTEM32\dbgcore.DLL
0x000000006c4b0000 - 0x000000006d275000 	C:\WINDOWS\System32\DriverStore\FileRepository\u0353065.inf_amd64_2af28622e162cc90\B353014\atiumd6a.dll
0x00007ff975e80000 - 0x00007ff975eae000 	C:\WINDOWS\SYSTEM32\amdihk64.dll
0x00007ff97eb50000 - 0x00007ff97ebf2000 	C:\WINDOWS\System32\clbcatq.dll
0x00007ff978770000 - 0x00007ff97891f000 	C:\WINDOWS\SYSTEM32\WindowsCodecs.dll
0x00007ff955880000 - 0x00007ff9558ba000 	C:\WINDOWS\system32\dataexchange.dll
0x00007ff97add0000 - 0x00007ff97afad000 	C:\WINDOWS\system32\dcomp.dll
0x00007ff97a5d0000 - 0x00007ff97a82b000 	C:\WINDOWS\system32\d3d11.dll
0x00007ff97c090000 - 0x00007ff97c17b000 	C:\WINDOWS\system32\dxgi.dll
0x00007ff97b820000 - 0x00007ff97ba82000 	C:\WINDOWS\system32\twinapi.appcore.dll
0x00007ff97bc10000 - 0x00007ff97bc39000 	C:\WINDOWS\system32\RMCLIENT.dll
0x00007ff9614a0000 - 0x00007ff9614bc000 	C:\Program Files\Java\jdk1.8.0_271\jre\bin\net.dll
0x00007ff97cc10000 - 0x00007ff97cc77000 	C:\WINDOWS\system32\mswsock.dll
0x00007ff961480000 - 0x00007ff961493000 	C:\Program Files\Java\jdk1.8.0_271\jre\bin\nio.dll
0x00007ff945500000 - 0x00007ff945543000 	C:\Program Files\Java\jdk1.8.0_271\jre\bin\t2k.dll
0x00007ff972540000 - 0x00007ff9725de000 	C:\WINDOWS\System32\TextInputFramework.dll
0x00007ff97acf0000 - 0x00007ff97adc4000 	C:\WINDOWS\System32\CoreMessaging.dll
0x00007ff9789c0000 - 0x00007ff978cea000 	C:\WINDOWS\System32\CoreUIComponents.dll
0x00007ff97c400000 - 0x00007ff97c431000 	C:\WINDOWS\SYSTEM32\ntmarta.dll
0x00007ff979430000 - 0x00007ff979583000 	C:\WINDOWS\SYSTEM32\wintypes.dll
0x00007ff9613c0000 - 0x00007ff9613ea000 	C:\Program Files\Java\jdk1.8.0_271\jre\bin\dcpr.dll
0x00007ff971040000 - 0x00007ff9712e7000 	C:\WINDOWS\System32\iertutil.dll
0x0000000071100000 - 0x0000000071125000 	C:\Users\xjonx\.jssc\windows\jSSC-2.8_x86_64.dll

VM Arguments:
jvm_args: -Dfile.encoding=UTF-8 
java_command: codigo.Ventana
java_class_path (initial): C:\FriendlyCook\JFlex.jar;C:\FriendlyCook\java-cup-11a.jar;C:\FriendlyCook\java_cup.jar;C:\Program Files\NetBeans 8.0.2\java\modules\ext\AbsoluteLayout.jar;C:\FriendlyCook\PanamaHitek_Arduino-3.0.0.jar;C:\FriendlyCook\FriendlyCook\build\classes
Launcher Type: SUN_STANDARD

Environment Variables:
JAVA_HOME=C:\Program Files\Java\jdk1.8.0_202
JRE_HOME=C:\Program Files\Java\jre1.8.0_202
PATH=C:\ProgramData\Oracle\Java\javapath;C:\WINDOWS\system32;C:\WINDOWS;C:\WINDOWS\System32\Wbem;C:\WINDOWS\System32\WindowsPowerShell\v1.0\;c:\Program Files (x86)\ATI Technologies\ATI.ACE\Core-Static;C:\WINDOWS\System32\OpenSSH\;C:\xampp\php;C:\Program Files\Git\cmd;C:\Program Files\nodejs\;C:\Gradle\gradle-6.7\bin;;C:\Program Files\Microchip\xc8\v2.31\bin;C:\Users\xjonx\AppData\Local\Programs\Python\Python39\Scripts\;C:\Users\xjonx\AppData\Local\Programs\Python\Python39\;C:\Users\xjonx\AppData\Local\Microsoft\WindowsApps;C:\Users\xjonx\AppData\Local\Programs\Microsoft VS Code\bin;C:\flutter\bin;C:\Users\xjonx\AppData\Local\GitHubDesktop\bin;C:\Users\xjonx\AppData\Roaming\npm;C:\Program Files\Java\jdk1.8.0_202\bin
USERNAME=xjonx
OS=Windows_NT
PROCESSOR_IDENTIFIER=AMD64 Family 21 Model 96 Stepping 1, AuthenticAMD



---------------  S Y S T E M  ---------------

OS: Windows 10.0 , 64 bit Build 18362 (10.0.18362.1110)

CPU:total 4 (initial active 4) (4 cores per cpu, 1 threads per core) family 21 model 96 stepping 1, cmov, cx8, fxsr, mmx, sse, sse2, sse3, ssse3, sse4.1, sse4.2, popcnt, avx, avx2, aes, clmul, mmxext, 3dnowpref, lzcnt, sse4a, tsc, tscinvbit, tscinv, bmi1

Memory: 4k page, physical 12005268k(7032972k free), swap 14102420k(7898704k free)

vm_info: Java HotSpot(TM) 64-Bit Server VM (25.271-b09) for windows-amd64 JRE (1.8.0_271-b09), built on Sep 16 2020 19:14:59 by "" with MS VC++ 15.9 (VS2017)

time: Mon Jan  4 22:49:26 2021
timezone: Hora estándar Montañas (México)
elapsed time: 5.039580 seconds (0d 0h 0m 5s)

