#
# A fatal error has been detected by the Java Runtime Environment:
#
#  EXCEPTION_ACCESS_VIOLATION (0xc0000005) at pc=0x000000007110b5db, pid=13588, tid=0x0000000000003718
#
# JRE version: Java(TM) SE Runtime Environment (8.0_271-b09) (build 1.8.0_271-b09)
# Java VM: Java HotSpot(TM) 64-Bit Server VM (25.271-b09 mixed mode windows-amd64 compressed oops)
# Problematic frame:
# C  [jSSC-2.8_x86_64.dll+0xb5db]
#
# Failed to write core dump. Minidumps are not enabled by default on client versions of Windows
#
# If you would like to submit a bug report, please visit:
#   http://bugreport.java.com/bugreport/crash.jsp
# The crash happened outside the Java Virtual Machine in native code.
# See problematic frame for where to report the bug.
#

---------------  T H R E A D  ---------------

Current thread (0x000001d7fa3bd000):  JavaThread "AWT-EventQueue-0" [_thread_in_native, id=14104, stack(0x0000006daba00000,0x0000006dabb00000)]

siginfo: ExceptionCode=0xc0000005, reading address 0xffffffff8040cdf7

Registers:
RAX=0xffffffff8040cdf7, RBX=0x0000006dabafc380, RCX=0x00007ffe9fc7c8d4, RDX=0x0000000000000000
RSP=0x0000006dabafc310, RBP=0x0000006dabafc490, RSI=0x000001d7fa3bd1f8, RDI=0x0000000000000bbc
R8 =0x0000006dabafc208, R9 =0x0000006dabafc300, R10=0x0000000000000000, R11=0x0000000000000246
R12=0x0000006dabafc548, R13=0x000001d7fb9d6210, R14=0x0000006dabafc440, R15=0x000001d7fa3bd000
RIP=0x000000007110b5db, EFLAGS=0x0000000000010206

Top of Stack: (sp=0x0000006dabafc310)
0x0000006dabafc310:   000001d7fb5df120 000000069fc206e1
0x0000006dabafc320:   000000007110b230 000001d7fb9d6160
0x0000006dabafc330:   0000006dabafc490 0000000000000004
0x0000006dabafc340:   000001d7fa3bd1f8 0000000000000bbc
0x0000006dabafc350:   0000006dabafc490 0000000071112590
0x0000006dabafc360:   000001d7fa3bd000 0000006dabafc440
0x0000006dabafc370:   000001d7fb9d6210 0000006dabafc548
0x0000006dabafc380:   000001d7fb9d6210 00007ffe9fc206e1
0x0000006dabafc390:   0000006dabafc3c0 000001d7e0c80000
0x0000006dabafc3a0:   0000006dabafc490 0000000000000000
0x0000006dabafc3b0:   0000000071113500 0000000071113be8
0x0000006dabafc3c0:   0000006dabafc3f0 0000000071112641
0x0000006dabafc3d0:   0000006dabafc360 000001d7fa3bd1f8
0x0000006dabafc3e0:   0000000000000000 0000000000000000
0x0000006dabafc3f0:   0000006dabafc490 0000000071101595
0x0000006dabafc400:   000000000000001c 000001d700000000 

Instructions: (pc=0x000000007110b5db)
0x000000007110b5bb:   c5 0f 1f 40 00 55 57 56 53 48 83 ec 28 48 8b 05
0x000000007110b5cb:   39 33 01 00 48 89 cb 48 85 c0 0f 84 c5 00 00 00
0x000000007110b5db:   8b 38 85 ff 0f 88 ab 00 00 00 48 8b 05 1c 33 01
0x000000007110b5eb:   00 48 85 c0 0f 84 bc 00 00 00 8b 30 85 f6 74 57 


Register to memory mapping:

RAX=0xffffffff8040cdf7 is an unknown value
RBX=0x0000006dabafc380 is pointing into the stack for thread: 0x000001d7fa3bd000
RCX=0x00007ffe9fc7c8d4 is an unknown value
RDX=0x0000000000000000 is an unknown value
RSP=0x0000006dabafc310 is pointing into the stack for thread: 0x000001d7fa3bd000
RBP=0x0000006dabafc490 is pointing into the stack for thread: 0x000001d7fa3bd000
RSI=0x000001d7fa3bd1f8 is an unknown value
RDI=0x0000000000000bbc is an unknown value
R8 =0x0000006dabafc208 is pointing into the stack for thread: 0x000001d7fa3bd000
R9 =0x0000006dabafc300 is pointing into the stack for thread: 0x000001d7fa3bd000
R10=0x0000000000000000 is an unknown value
R11=0x0000000000000246 is an unknown value
R12=0x0000006dabafc548 is pointing into the stack for thread: 0x000001d7fa3bd000
R13=0x000001d7fb9d6210 is an unknown value
R14=0x0000006dabafc440 is pointing into the stack for thread: 0x000001d7fa3bd000
R15=0x000001d7fa3bd000 is a thread


Stack: [0x0000006daba00000,0x0000006dabb00000],  sp=0x0000006dabafc310,  free space=1008k
Native frames: (J=compiled Java code, j=interpreted, Vv=VM code, C=native code)
C  [jSSC-2.8_x86_64.dll+0xb5db]
C  [jSSC-2.8_x86_64.dll+0x12590]
C  [jSSC-2.8_x86_64.dll+0x1595]
C  0x000001d7e263990e

Java frames: (J=compiled Java code, j=interpreted, Vv=VM code)
j  jssc.SerialNativeInterface.openPort(Ljava/lang/String;Z)J+0
j  jssc.SerialPort.openPort()Z+65
j  com.panamahitek.PanamaHitek_Arduino.arduinoTX(Ljava/lang/String;I)V+58
j  codigo.Ventana.btnConectarArduinoMouseClicked(Ljava/awt/event/MouseEvent;)V+10
j  codigo.Ventana.access$1300(Lcodigo/Ventana;Ljava/awt/event/MouseEvent;)V+2
j  codigo.Ventana$12.mouseClicked(Ljava/awt/event/MouseEvent;)V+5
j  java.awt.AWTEventMulticaster.mouseClicked(Ljava/awt/event/MouseEvent;)V+21
j  java.awt.Component.processMouseEvent(Ljava/awt/event/MouseEvent;)V+74
j  javax.swing.JComponent.processMouseEvent(Ljava/awt/event/MouseEvent;)V+23
j  java.awt.Component.processEvent(Ljava/awt/AWTEvent;)V+81
j  java.awt.Container.processEvent(Ljava/awt/AWTEvent;)V+18
j  java.awt.Component.dispatchEventImpl(Ljava/awt/AWTEvent;)V+589
j  java.awt.Container.dispatchEventImpl(Ljava/awt/AWTEvent;)V+42
j  java.awt.Component.dispatchEvent(Ljava/awt/AWTEvent;)V+2
j  java.awt.LightweightDispatcher.retargetMouseEvent(Ljava/awt/Component;ILjava/awt/event/MouseEvent;)V+349
j  java.awt.LightweightDispatcher.processMouseEvent(Ljava/awt/event/MouseEvent;)Z+171
j  java.awt.LightweightDispatcher.dispatchEvent(Ljava/awt/AWTEvent;)Z+50
j  java.awt.Container.dispatchEventImpl(Ljava/awt/AWTEvent;)V+12
j  java.awt.Window.dispatchEventImpl(Ljava/awt/AWTEvent;)V+19
j  java.awt.Component.dispatchEvent(Ljava/awt/AWTEvent;)V+2
j  java.awt.EventQueue.dispatchEventImpl(Ljava/awt/AWTEvent;Ljava/lang/Object;)V+41
j  java.awt.EventQueue.access$500(Ljava/awt/EventQueue;Ljava/awt/AWTEvent;Ljava/lang/Object;)V+3
j  java.awt.EventQueue$3.run()Ljava/lang/Void;+32
j  java.awt.EventQueue$3.run()Ljava/lang/Object;+1
v  ~StubRoutines::call_stub
J 928  java.security.AccessController.doPrivileged(Ljava/security/PrivilegedAction;Ljava/security/AccessControlContext;)Ljava/lang/Object; (0 bytes) @ 0x000001d7e294e0e6 [0x000001d7e294e080+0x66]
J 1141 C1 java.security.ProtectionDomain$JavaSecurityAccessImpl.doIntersectionPrivilege(Ljava/security/PrivilegedAction;Ljava/security/AccessControlContext;Ljava/security/AccessControlContext;)Ljava/lang/Object; (22 bytes) @ 0x000001d7e29dd97c [0x000001d7e29dd500+0x47c]
j  java.security.ProtectionDomain$JavaSecurityAccessImpl.doIntersectionPrivilege(Ljava/security/PrivilegedAction;Ljava/security/AccessControlContext;)Ljava/lang/Object;+6
j  java.awt.EventQueue$4.run()Ljava/lang/Void;+11
j  java.awt.EventQueue$4.run()Ljava/lang/Object;+1
v  ~StubRoutines::call_stub
J 928  java.security.AccessController.doPrivileged(Ljava/security/PrivilegedAction;Ljava/security/AccessControlContext;)Ljava/lang/Object; (0 bytes) @ 0x000001d7e294e0e6 [0x000001d7e294e080+0x66]
J 1169 C1 java.awt.EventQueue.dispatchEvent(Ljava/awt/AWTEvent;)V (80 bytes) @ 0x000001d7e29e933c [0x000001d7e29e8480+0xebc]
J 1173 C1 java.awt.EventDispatchThread.pumpOneEventForFilters(I)V (190 bytes) @ 0x000001d7e29ee49c [0x000001d7e29ed340+0x115c]
j  java.awt.EventDispatchThread.pumpEventsForFilter(ILjava/awt/Conditional;Ljava/awt/EventFilter;)V+35
j  java.awt.EventDispatchThread.pumpEventsForHierarchy(ILjava/awt/Conditional;Ljava/awt/Component;)V+11
j  java.awt.EventDispatchThread.pumpEvents(ILjava/awt/Conditional;)V+4
j  java.awt.EventDispatchThread.pumpEvents(Ljava/awt/Conditional;)V+3
j  java.awt.EventDispatchThread.run()V+9
v  ~StubRoutines::call_stub

---------------  P R O C E S S  ---------------

Java Threads: ( => current thread )
  0x000001d7fa4ae800 JavaThread "D3D Screen Updater" daemon [_thread_blocked, id=11608, stack(0x0000006dac900000,0x0000006daca00000)]
  0x000001d7e0cb5000 JavaThread "DestroyJavaVM" [_thread_blocked, id=13704, stack(0x0000006daa700000,0x0000006daa800000)]
=>0x000001d7fa3bd000 JavaThread "AWT-EventQueue-0" [_thread_in_native, id=14104, stack(0x0000006daba00000,0x0000006dabb00000)]
  0x000001d7fa29d800 JavaThread "AWT-Shutdown" [_thread_blocked, id=14100, stack(0x0000006dab800000,0x0000006dab900000)]
  0x000001d7fa462800 JavaThread "AWT-Windows" daemon [_thread_in_native, id=14024, stack(0x0000006dab900000,0x0000006daba00000)]
  0x000001d7fa459800 JavaThread "Java2D Disposer" daemon [_thread_blocked, id=13992, stack(0x0000006dab700000,0x0000006dab800000)]
  0x000001d7f95d1000 JavaThread "Service Thread" daemon [_thread_blocked, id=13920, stack(0x0000006dab500000,0x0000006dab600000)]
  0x000001d7f95cf800 JavaThread "C1 CompilerThread2" daemon [_thread_blocked, id=13912, stack(0x0000006dab400000,0x0000006dab500000)]
  0x000001d7f957b800 JavaThread "C2 CompilerThread1" daemon [_thread_blocked, id=13904, stack(0x0000006dab300000,0x0000006dab400000)]
  0x000001d7f9576800 JavaThread "C2 CompilerThread0" daemon [_thread_blocked, id=13900, stack(0x0000006dab200000,0x0000006dab300000)]
  0x000001d7f9575000 JavaThread "Attach Listener" daemon [_thread_blocked, id=13896, stack(0x0000006dab100000,0x0000006dab200000)]
  0x000001d7f9574800 JavaThread "Signal Dispatcher" daemon [_thread_blocked, id=13892, stack(0x0000006dab000000,0x0000006dab100000)]
  0x000001d7f8e12000 JavaThread "Finalizer" daemon [_thread_blocked, id=13848, stack(0x0000006daaf00000,0x0000006dab000000)]
  0x000001d7f9556000 JavaThread "Reference Handler" daemon [_thread_blocked, id=13844, stack(0x0000006daae00000,0x0000006daaf00000)]

Other Threads:
  0x000001d7f9533000 VMThread [stack: 0x0000006daad00000,0x0000006daae00000] [id=13776]
  0x000001d7f95d7800 WatcherThread [stack: 0x0000006dab600000,0x0000006dab700000] [id=13924]

VM state:not at safepoint (normal execution)

VM Mutex/Monitor currently owned by a thread: None

heap address: 0x0000000708c00000, size: 2932 MB, Compressed Oops mode: Zero based, Oop shift amount: 3
Narrow klass base: 0x0000000000000000, Narrow klass shift: 3
Compressed class space size: 1073741824 Address: 0x00000007c0000000

Heap:
 PSYoungGen      total 54784K, used 29409K [0x0000000782f00000, 0x0000000786c00000, 0x00000007c0000000)
  eden space 47104K, 62% used [0x0000000782f00000,0x0000000784bb84f8,0x0000000785d00000)
  from space 7680K, 0% used [0x0000000786480000,0x0000000786480000,0x0000000786c00000)
  to   space 7680K, 0% used [0x0000000785d00000,0x0000000785d00000,0x0000000786480000)
 ParOldGen       total 125952K, used 0K [0x0000000708c00000, 0x0000000710700000, 0x0000000782f00000)
  object space 125952K, 0% used [0x0000000708c00000,0x0000000708c00000,0x0000000710700000)
 Metaspace       used 14505K, capacity 14746K, committed 15104K, reserved 1062912K
  class space    used 1886K, capacity 1970K, committed 2048K, reserved 1048576K

Card table byte_map: [0x000001d7f19e0000,0x000001d7f1fa0000] byte_map_base: 0x000001d7ee19a000

Marking Bits: (ParMarkBitMap*) 0x000000006a557fe0
 Begin Bits: [0x000001d7f2380000, 0x000001d7f5150000)
 End Bits:   [0x000001d7f5150000, 0x000001d7f7f20000)

Polling page: 0x000001d7e25f0000

CodeCache: size=245760Kb used=4067Kb max_used=4067Kb free=241692Kb
 bounds [0x000001d7e2620000, 0x000001d7e2a20000, 0x000001d7f1620000]
 total_blobs=1756 nmethods=1225 adapters=444
 compilation: enabled

Compilation events (10 events):
Event: 51.848 Thread 0x000001d7f95cf800 1232       3       java.nio.DirectLongBufferU::ix (10 bytes)
Event: 51.849 Thread 0x000001d7f95cf800 nmethod 1232 0x000001d7e2a175d0 code [0x000001d7e2a17720, 0x000001d7e2a17898]
Event: 51.849 Thread 0x000001d7f95cf800 1233       3       java.util.BitSet::checkInvariants (111 bytes)
Event: 51.849 Thread 0x000001d7f95cf800 nmethod 1233 0x000001d7e2a17910 code [0x000001d7e2a17a60, 0x000001d7e2a17bf8]
Event: 51.849 Thread 0x000001d7f95cf800 1234  s    3       java.lang.StringBuffer::append (13 bytes)
Event: 51.850 Thread 0x000001d7f95cf800 nmethod 1234 0x000001d7e2a17c90 code [0x000001d7e2a17e00, 0x000001d7e2a18130]
Event: 51.851 Thread 0x000001d7f95cf800 1235       3       sun.misc.Launcher$AppClassLoader::loadClass (85 bytes)
Event: 51.853 Thread 0x000001d7f95cf800 nmethod 1235 0x000001d7e2a18210 code [0x000001d7e2a18440, 0x000001d7e2a19190]
Event: 51.853 Thread 0x000001d7f95cf800 1236  s    3       sun.misc.URLClassPath::knownToNotExist (24 bytes)
Event: 51.854 Thread 0x000001d7f95cf800 nmethod 1236 0x000001d7e2a19610 code [0x000001d7e2a19780, 0x000001d7e2a19b50]

GC Heap History (0 events):
No events

Deoptimization events (9 events):
Event: 11.389 Thread 0x000001d7e0cb5000 Uncommon trap: reason=null_check action=make_not_entrant pc=0x000001d7e27a6b08 method=java.lang.String.equals(Ljava/lang/Object;)Z @ 8
Event: 22.180 Thread 0x000001d7fa3bd000 Uncommon trap: reason=class_check action=maybe_recompile pc=0x000001d7e27bd2b4 method=java.lang.String.equals(Ljava/lang/Object;)Z @ 8
Event: 22.180 Thread 0x000001d7fa3bd000 Uncommon trap: reason=class_check action=maybe_recompile pc=0x000001d7e27bd2b4 method=java.lang.String.equals(Ljava/lang/Object;)Z @ 8
Event: 22.180 Thread 0x000001d7fa3bd000 Uncommon trap: reason=class_check action=maybe_recompile pc=0x000001d7e27bd2b4 method=java.lang.String.equals(Ljava/lang/Object;)Z @ 8
Event: 22.180 Thread 0x000001d7fa3bd000 Uncommon trap: reason=class_check action=maybe_recompile pc=0x000001d7e27bd2b4 method=java.lang.String.equals(Ljava/lang/Object;)Z @ 8
Event: 22.928 Thread 0x000001d7fa3bd000 Uncommon trap: reason=unstable_if action=reinterpret pc=0x000001d7e2807148 method=java.util.HashMap.getNode(ILjava/lang/Object;)Ljava/util/HashMap$Node; @ 84
Event: 22.929 Thread 0x000001d7fa3bd000 Uncommon trap: reason=unstable_if action=reinterpret pc=0x000001d7e2804f68 method=java.util.HashMap.putVal(ILjava/lang/Object;Ljava/lang/Object;ZZ)Ljava/lang/Object; @ 109
Event: 25.602 Thread 0x000001d7fb86c000 Uncommon trap: reason=unstable_if action=reinterpret pc=0x000001d7e2858650 method=java.lang.String.<init>([CII)V @ 18
Event: 46.297 Thread 0x000001d7fb843800 Uncommon trap: reason=unstable_if action=reinterpret pc=0x000001d7e296edd4 method=sun.awt.image.PNGImageDecoder.produceImage()V @ 932

Classes redefined (0 events):
No events

Internal exceptions (10 events):
Event: 13.883 Thread 0x000001d7e0cb5000 Exception <a 'java/lang/ClassNotFoundException': ToolBar> (0x00000007834ba9f8) thrown at [C:\jenkins\workspace\8-2-build-windows-amd64-cygwin\jdk8u271\605\hotspot\src\share\vm\classfile\systemDictionary.cpp, line 212]
Event: 13.884 Thread 0x000001d7e0cb5000 Exception <a 'java/lang/ClassNotFoundException': ToggleButton> (0x00000007834bafa8) thrown at [C:\jenkins\workspace\8-2-build-windows-amd64-cygwin\jdk8u271\605\hotspot\src\share\vm\classfile\systemDictionary.cpp, line 212]
Event: 13.884 Thread 0x000001d7e0cb5000 Exception <a 'java/lang/ClassNotFoundException': javax/swing/JToolBarSeparator> (0x00000007834bb408) thrown at [C:\jenkins\workspace\8-2-build-windows-amd64-cygwin\jdk8u271\605\hotspot\src\share\vm\classfile\systemDictionary.cpp, line 212]
Event: 13.884 Thread 0x000001d7e0cb5000 Exception <a 'java/lang/ClassNotFoundException': ToolBarSeparator> (0x00000007834bb8a0) thrown at [C:\jenkins\workspace\8-2-build-windows-amd64-cygwin\jdk8u271\605\hotspot\src\share\vm\classfile\systemDictionary.cpp, line 212]
Event: 13.885 Thread 0x000001d7e0cb5000 Exception <a 'java/lang/ClassNotFoundException': ToolTip> (0x00000007834bbfe0) thrown at [C:\jenkins\workspace\8-2-build-windows-amd64-cygwin\jdk8u271\605\hotspot\src\share\vm\classfile\systemDictionary.cpp, line 212]
Event: 14.173 Thread 0x000001d7e0cb5000 Exception <a 'java/lang/ClassNotFoundException': Tree> (0x00000007834bcc00) thrown at [C:\jenkins\workspace\8-2-build-windows-amd64-cygwin\jdk8u271\605\hotspot\src\share\vm\classfile\systemDictionary.cpp, line 212]
Event: 14.173 Thread 0x000001d7e0cb5000 Exception <a 'java/lang/ClassNotFoundException': Tree> (0x00000007834bd340) thrown at [C:\jenkins\workspace\8-2-build-windows-amd64-cygwin\jdk8u271\605\hotspot\src\share\vm\classfile\systemDictionary.cpp, line 212]
Event: 14.173 Thread 0x000001d7e0cb5000 Exception <a 'java/lang/ClassNotFoundException': javax/swing/JTreeCell> (0x00000007834bd6c0) thrown at [C:\jenkins\workspace\8-2-build-windows-amd64-cygwin\jdk8u271\605\hotspot\src\share\vm\classfile\systemDictionary.cpp, line 212]
Event: 14.173 Thread 0x000001d7e0cb5000 Exception <a 'java/lang/ClassNotFoundException': TreeCell> (0x00000007834bdb48) thrown at [C:\jenkins\workspace\8-2-build-windows-amd64-cygwin\jdk8u271\605\hotspot\src\share\vm\classfile\systemDictionary.cpp, line 212]
Event: 14.177 Thread 0x000001d7e0cb5000 Exception <a 'java/lang/ClassNotFoundException': RootPane> (0x00000007834be5a8) thrown at [C:\jenkins\workspace\8-2-build-windows-amd64-cygwin\jdk8u271\605\hotspot\src\share\vm\classfile\systemDictionary.cpp, line 212]

Events (10 events):
Event: 51.845 loading class java/lang/SecurityException
Event: 51.846 loading class java/lang/SecurityException done
Event: 51.846 loading class jssc/SerialPortTimeoutException
Event: 51.846 loading class jssc/SerialPortTimeoutException done
Event: 51.847 loading class jssc/SerialPort$EventThread
Event: 51.847 loading class jssc/SerialPort$EventThread done
Event: 51.848 loading class jssc/SerialPort$LinuxEventThread
Event: 51.848 loading class jssc/SerialPort$LinuxEventThread done
Event: 51.850 loading class jssc/SerialNativeInterface
Event: 51.850 loading class jssc/SerialNativeInterface done


Dynamic libraries:
0x00007ff6f0de0000 - 0x00007ff6f0e27000 	C:\Program Files\Java\jdk1.8.0_271\bin\java.exe
0x00007ffe9fbe0000 - 0x00007ffe9fdd0000 	C:\WINDOWS\SYSTEM32\ntdll.dll
0x00007ffe9f600000 - 0x00007ffe9f6b2000 	C:\WINDOWS\System32\KERNEL32.DLL
0x00007ffe9dac0000 - 0x00007ffe9dd65000 	C:\WINDOWS\System32\KERNELBASE.dll
0x00007ffe9ef10000 - 0x00007ffe9efb3000 	C:\WINDOWS\System32\ADVAPI32.dll
0x00007ffe9ee40000 - 0x00007ffe9eede000 	C:\WINDOWS\System32\msvcrt.dll
0x00007ffe9f950000 - 0x00007ffe9f9e7000 	C:\WINDOWS\System32\sechost.dll
0x00007ffe9f760000 - 0x00007ffe9f880000 	C:\WINDOWS\System32\RPCRT4.dll
0x00007ffe9ddd0000 - 0x00007ffe9df64000 	C:\WINDOWS\System32\USER32.dll
0x00007ffe9d270000 - 0x00007ffe9d291000 	C:\WINDOWS\System32\win32u.dll
0x00007ffe9e120000 - 0x00007ffe9e146000 	C:\WINDOWS\System32\GDI32.dll
0x00007ffe9d0d0000 - 0x00007ffe9d266000 	C:\WINDOWS\System32\gdi32full.dll
0x00007ffe9cec0000 - 0x00007ffe9cf5e000 	C:\WINDOWS\System32\msvcp_win.dll
0x00007ffe9cd70000 - 0x00007ffe9ce6a000 	C:\WINDOWS\System32\ucrtbase.dll
0x00007ffe8e0d0000 - 0x00007ffe8e354000 	C:\WINDOWS\WinSxS\amd64_microsoft.windows.common-controls_6595b64144ccf1df_6.0.18362.1256_none_9e7e379be45e40e2\COMCTL32.dll
0x00007ffe9efc0000 - 0x00007ffe9f2f6000 	C:\WINDOWS\System32\combase.dll
0x00007ffe9da30000 - 0x00007ffe9dab1000 	C:\WINDOWS\System32\bcryptPrimitives.dll
0x00007ffe9eee0000 - 0x00007ffe9ef0e000 	C:\WINDOWS\System32\IMM32.DLL
0x00007ffe98620000 - 0x00007ffe98635000 	C:\Program Files\Java\jdk1.8.0_271\jre\bin\vcruntime140.dll
0x00007ffe5d070000 - 0x00007ffe5d10b000 	C:\Program Files\Java\jdk1.8.0_271\jre\bin\msvcp140.dll
0x0000000069d60000 - 0x000000006a5cf000 	C:\Program Files\Java\jdk1.8.0_271\jre\bin\server\jvm.dll
0x00007ffe9f730000 - 0x00007ffe9f738000 	C:\WINDOWS\System32\PSAPI.DLL
0x00007ffe98640000 - 0x00007ffe98649000 	C:\WINDOWS\SYSTEM32\WSOCK32.dll
0x00007ffe9fb30000 - 0x00007ffe9fb9f000 	C:\WINDOWS\System32\WS2_32.dll
0x00007ffe99da0000 - 0x00007ffe99dc4000 	C:\WINDOWS\SYSTEM32\WINMM.dll
0x00007ffe95a80000 - 0x00007ffe95a8a000 	C:\WINDOWS\SYSTEM32\VERSION.dll
0x00007ffe99d70000 - 0x00007ffe99d9d000 	C:\WINDOWS\SYSTEM32\WINMMBASE.dll
0x00007ffe9ce70000 - 0x00007ffe9ceba000 	C:\WINDOWS\System32\cfgmgr32.dll
0x00007ffe9cc10000 - 0x00007ffe9cc21000 	C:\WINDOWS\System32\kernel.appcore.dll
0x00007ffe923d0000 - 0x00007ffe923e0000 	C:\Program Files\Java\jdk1.8.0_271\jre\bin\verify.dll
0x00007ffe8d220000 - 0x00007ffe8d24b000 	C:\Program Files\Java\jdk1.8.0_271\jre\bin\java.dll
0x00007ffe8d200000 - 0x00007ffe8d218000 	C:\Program Files\Java\jdk1.8.0_271\jre\bin\zip.dll
0x00007ffe9e2e0000 - 0x00007ffe9e9c7000 	C:\WINDOWS\System32\SHELL32.dll
0x00007ffe9f550000 - 0x00007ffe9f5f9000 	C:\WINDOWS\System32\shcore.dll
0x00007ffe9d2a0000 - 0x00007ffe9da21000 	C:\WINDOWS\System32\windows.storage.dll
0x00007ffe9cbe0000 - 0x00007ffe9cc03000 	C:\WINDOWS\System32\profapi.dll
0x00007ffe9cb70000 - 0x00007ffe9cbba000 	C:\WINDOWS\System32\powrprof.dll
0x00007ffe9cb60000 - 0x00007ffe9cb70000 	C:\WINDOWS\System32\UMPDC.dll
0x00007ffe9e150000 - 0x00007ffe9e1a2000 	C:\WINDOWS\System32\shlwapi.dll
0x00007ffe9cf60000 - 0x00007ffe9cf77000 	C:\WINDOWS\System32\cryptsp.dll
0x00007ffe5cc90000 - 0x00007ffe5ce24000 	C:\Program Files\Java\jdk1.8.0_271\jre\bin\awt.dll
0x00007ffe9f320000 - 0x00007ffe9f3e5000 	C:\WINDOWS\System32\OLEAUT32.dll
0x00007ffe9acc0000 - 0x00007ffe9ad4f000 	C:\WINDOWS\SYSTEM32\apphelp.dll
0x00007ffe9ae50000 - 0x00007ffe9aee9000 	C:\WINDOWS\system32\uxtheme.dll
0x00007ffe9f9f0000 - 0x00007ffe9fb25000 	C:\WINDOWS\System32\MSCTF.dll
0x00007ffe9f3f0000 - 0x00007ffe9f547000 	C:\WINDOWS\System32\ole32.dll
0x00007ffe9af70000 - 0x00007ffe9af9d000 	C:\WINDOWS\system32\DWMAPI.DLL
0x00007ffe6d950000 - 0x00007ffe6d999000 	C:\Program Files\Java\jdk1.8.0_271\jre\bin\fontmanager.dll
0x00007ffe6eb80000 - 0x00007ffe6ecd6000 	C:\WINDOWS\system32\opengl32.dll
0x00007ffe6f130000 - 0x00007ffe6f15c000 	C:\WINDOWS\SYSTEM32\GLU32.dll
0x00007ffe9b7a0000 - 0x00007ffe9b7c0000 	C:\WINDOWS\SYSTEM32\dxcore.dll
0x00007ffe5dae0000 - 0x00007ffe5dca7000 	C:\WINDOWS\system32\d3d9.dll
0x00007ffe94bc0000 - 0x00007ffe94d97000 	C:\WINDOWS\System32\DriverStore\FileRepository\u0353065.inf_amd64_2af28622e162cc90\B353014\aticfx64.dll
0x00007ffe8f700000 - 0x00007ffe8f731000 	C:\WINDOWS\System32\DriverStore\FileRepository\u0353065.inf_amd64_2af28622e162cc90\B353014\atiu9p64.dll
0x00007ffe41e10000 - 0x00007ffe42a99000 	C:\WINDOWS\System32\DriverStore\FileRepository\u0353065.inf_amd64_2af28622e162cc90\B353014\atiumd64.dll
0x00007ffe89dc0000 - 0x00007ffe89fb4000 	C:\WINDOWS\SYSTEM32\dbghelp.dll
0x00007ffe8a150000 - 0x00007ffe8a17a000 	C:\WINDOWS\SYSTEM32\dbgcore.DLL
0x0000000068cf0000 - 0x0000000069ab5000 	C:\WINDOWS\System32\DriverStore\FileRepository\u0353065.inf_amd64_2af28622e162cc90\B353014\atiumd6a.dll
0x00007ffe959d0000 - 0x00007ffe959fe000 	C:\WINDOWS\SYSTEM32\amdihk64.dll
0x00007ffe9e230000 - 0x00007ffe9e2d2000 	C:\WINDOWS\System32\clbcatq.dll
0x00007ffe97d30000 - 0x00007ffe97edf000 	C:\WINDOWS\SYSTEM32\WindowsCodecs.dll
0x00007ffe9a6b0000 - 0x00007ffe9a6ea000 	C:\WINDOWS\system32\dataexchange.dll
0x00007ffe99dd0000 - 0x00007ffe9a02b000 	C:\WINDOWS\system32\d3d11.dll
0x00007ffe9a490000 - 0x00007ffe9a66d000 	C:\WINDOWS\system32\dcomp.dll
0x00007ffe9b830000 - 0x00007ffe9b91b000 	C:\WINDOWS\system32\dxgi.dll
0x00007ffe9afa0000 - 0x00007ffe9b202000 	C:\WINDOWS\system32\twinapi.appcore.dll
0x00007ffe9b490000 - 0x00007ffe9b4b9000 	C:\WINDOWS\system32\RMCLIENT.dll
0x00007ffe8c660000 - 0x00007ffe8c67c000 	C:\Program Files\Java\jdk1.8.0_271\jre\bin\net.dll
0x00007ffe9c350000 - 0x00007ffe9c3b7000 	C:\WINDOWS\system32\mswsock.dll
0x00007ffe8c640000 - 0x00007ffe8c653000 	C:\Program Files\Java\jdk1.8.0_271\jre\bin\nio.dll
0x00007ffe6a2a0000 - 0x00007ffe6a2e3000 	C:\Program Files\Java\jdk1.8.0_271\jre\bin\t2k.dll
0x00007ffe91cb0000 - 0x00007ffe91d4e000 	C:\WINDOWS\System32\TextInputFramework.dll
0x00007ffe9a740000 - 0x00007ffe9a814000 	C:\WINDOWS\System32\CoreMessaging.dll
0x00007ffe97ee0000 - 0x00007ffe9820a000 	C:\WINDOWS\System32\CoreUIComponents.dll
0x00007ffe9bba0000 - 0x00007ffe9bbd1000 	C:\WINDOWS\SYSTEM32\ntmarta.dll
0x00007ffe98960000 - 0x00007ffe98ab3000 	C:\WINDOWS\SYSTEM32\wintypes.dll
0x00007ffe96b20000 - 0x00007ffe96b4a000 	C:\Program Files\Java\jdk1.8.0_271\jre\bin\dcpr.dll
0x00007ffe90780000 - 0x00007ffe90a27000 	C:\WINDOWS\System32\iertutil.dll
0x0000000071100000 - 0x0000000071125000 	C:\Users\xjonx\.jssc\windows\jSSC-2.8_x86_64.dll

VM Arguments:
jvm_args: -Dfile.encoding=UTF-8 
java_command: codigo.Ventana
java_class_path (initial): C:\FriendlyCook\JFlex.jar;C:\FriendlyCook\java-cup-11a.jar;C:\FriendlyCook\java_cup.jar;C:\Program Files\NetBeans 8.0.2\java\modules\ext\AbsoluteLayout.jar;C:\FriendlyCook\PanamaHitek_Arduino-3.0.0.jar;C:\FriendlyCook\FriendlyCook\build\classes
Launcher Type: SUN_STANDARD

Environment Variables:
JAVA_HOME=C:\Program Files\Java\jdk1.8.0_271
JRE_HOME=C:\Program Files\Java\jre1.8.0_271
PATH=C:\Program Files (x86)\Common Files\Oracle\Java\javapath;C:\ProgramData\Oracle\Java\javapath;C:\WINDOWS\system32;C:\WINDOWS;C:\WINDOWS\System32\Wbem;C:\WINDOWS\System32\WindowsPowerShell\v1.0\;c:\Program Files (x86)\ATI Technologies\ATI.ACE\Core-Static;C:\WINDOWS\System32\OpenSSH\;C:\xampp\php;C:\Program Files\Git\cmd;C:\Program Files\nodejs\;C:\Gradle\gradle-6.7\bin;;C:\Program Files\Microchip\xc8\v2.31\bin;C:\Users\xjonx\AppData\Local\Programs\Python\Python39\Scripts\;C:\Users\xjonx\AppData\Local\Programs\Python\Python39\;C:\Users\xjonx\AppData\Local\Microsoft\WindowsApps;C:\Users\xjonx\AppData\Local\Programs\Microsoft VS Code\bin;C:\flutter\bin;C:\Users\xjonx\AppData\Local\GitHubDesktop\bin;C:\Users\xjonx\AppData\Roaming\npm;C:\Program Files\Java\jdk1.8.0_271\bin
USERNAME=xjonx
OS=Windows_NT
PROCESSOR_IDENTIFIER=AMD64 Family 21 Model 96 Stepping 1, AuthenticAMD



---------------  S Y S T E M  ---------------

OS: Windows 10.0 , 64 bit Build 18362 (10.0.18362.1110)

CPU:total 4 (initial active 4) (4 cores per cpu, 1 threads per core) family 21 model 96 stepping 1, cmov, cx8, fxsr, mmx, sse, sse2, sse3, ssse3, sse4.1, sse4.2, popcnt, avx, avx2, aes, clmul, mmxext, 3dnowpref, lzcnt, sse4a, tsc, tscinvbit, tscinv, bmi1

Memory: 4k page, physical 12005268k(7076836k free), swap 14102420k(8532240k free)

vm_info: Java HotSpot(TM) 64-Bit Server VM (25.271-b09) for windows-amd64 JRE (1.8.0_271-b09), built on Sep 16 2020 19:14:59 by "" with MS VC++ 15.9 (VS2017)

time: Mon Jan  4 22:15:42 2021
timezone: Hora estándar Montañas (México)
elapsed time: 51.931456 seconds (0d 0h 0m 51s)

